<?xml version="1.0" encoding="UTF-8"?>
<coverage generated="1533720677470" clover="3.2.0">
  <project timestamp="1533720677470" name="All files">
    <metrics statements="29" coveredstatements="1" conditionals="2" coveredconditionals="0" methods="17" coveredmethods="1" elements="48" coveredelements="2" complexity="0" loc="29" ncloc="29" packages="3" files="6" classes="6">
      <package name="client">
        <metrics statements="10" coveredstatements="0" conditionals="0" coveredconditionals="0" methods="1" coveredmethods="0"/>
        <file name="app.vue" path="F:\wamp64\www\allDemo\github\summer\app\vueTodo\client\app.vue">
          <metrics statements="3" coveredstatements="0" conditionals="0" coveredconditionals="0" methods="0" coveredmethods="0"/>
          <line num="11" count="0" type="stmt"/>
          <line num="12" count="0" type="stmt"/>
          <line num="13" count="0" type="stmt"/>
        </file>
        <file name="index.js" path="F:\wamp64\www\allDemo\github\summer\app\vueTodo\client\index.js">
          <metrics statements="7" coveredstatements="0" conditionals="0" coveredconditionals="0" methods="1" coveredmethods="0"/>
          <line num="1" count="0" type="stmt"/>
          <line num="2" count="0" type="stmt"/>
          <line num="4" count="0" type="stmt"/>
          <line num="6" count="0" type="stmt"/>
          <line num="7" count="0" type="stmt"/>
          <line num="9" count="0" type="stmt"/>
          <line num="10" count="0" type="stmt"/>
        </file>
      </package>
      <package name="client.views">
        <metrics statements="1" coveredstatements="1" conditionals="0" coveredconditionals="0" methods="1" coveredmethods="1"/>
        <file name="HelloWorld.vue" path="F:\wamp64\www\allDemo\github\summer\app\vueTodo\client\views\HelloWorld.vue">
          <metrics statements="1" coveredstatements="1" conditionals="0" coveredconditionals="0" methods="1" coveredmethods="1"/>
          <line num="90" count="1" type="stmt"/>
        </file>
      </package>
      <package name="client.views.todo">
        <metrics statements="18" coveredstatements="0" conditionals="2" coveredconditionals="0" methods="15" coveredmethods="0"/>
        <file name="item.vue" path="F:\wamp64\www\allDemo\github\summer\app\vueTodo\client\views\todo\item.vue">
          <metrics statements="1" coveredstatements="0" conditionals="0" coveredconditionals="0" methods="1" coveredmethods="0"/>
          <line num="23" count="0" type="stmt"/>
        </file>
        <file name="tabs.vue" path="F:\wamp64\www\allDemo\github\summer\app\vueTodo\client\views\todo\tabs.vue">
          <metrics statements="4" coveredstatements="0" conditionals="0" coveredconditionals="0" methods="5" coveredmethods="0"/>
          <line num="31" count="0" type="stmt"/>
          <line num="37" count="0" type="stmt"/>
          <line num="42" count="0" type="stmt"/>
          <line num="45" count="0" type="stmt"/>
        </file>
        <file name="todo.vue" path="F:\wamp64\www\allDemo\github\summer\app\vueTodo\client\views\todo\todo.vue">
          <metrics statements="13" coveredstatements="0" conditionals="2" coveredconditionals="0" methods="9" coveredmethods="0"/>
          <line num="26" count="0" type="stmt"/>
          <line num="27" count="0" type="stmt"/>
          <line num="28" count="0" type="stmt"/>
          <line num="31" count="0" type="stmt"/>
          <line num="42" count="0" type="cond" truecount="0" falsecount="2"/>
          <line num="43" count="0" type="stmt"/>
          <line num="45" count="0" type="stmt"/>
          <line num="46" count="0" type="stmt"/>
          <line num="51" count="0" type="stmt"/>
          <line num="56" count="0" type="stmt"/>
          <line num="59" count="0" type="stmt"/>
          <line num="62" count="0" type="stmt"/>
          <line num="65" count="0" type="stmt"/>
        </file>
      </package>
    </metrics>
  </project>
</coverage>
