{"F:\\wamp64\\www\\allDemo\\github\\summer\\app\\todoList\\client\\app.vue": {"path":"F:\\wamp64\\www\\allDemo\\github\\summer\\app\\todoList\\client\\app.vue","statementMap":{"0":{"start":{"line":11,"column":0},"end":{"line":null,"column":-1}},"1":{"start":{"line":12,"column":0},"end":{"line":null,"column":-1}}},"fnMap":{},"branchMap":{},"s":{"0":0,"1":0},"f":{},"b":{}}
,"F:\\wamp64\\www\\allDemo\\github\\summer\\app\\todoList\\client\\index.js": {"path":"F:\\wamp64\\www\\allDemo\\github\\summer\\app\\todoList\\client\\index.js","statementMap":{"0":{"start":{"line":1,"column":0},"end":{"line":null,"column":-1}},"1":{"start":{"line":2,"column":0},"end":{"line":null,"column":-1}},"2":{"start":{"line":4,"column":0},"end":{"line":null,"column":-1}},"3":{"start":{"line":6,"column":13},"end":{"line":6,"column":0}},"4":{"start":{"line":7,"column":0},"end":{"line":null,"column":-1}},"5":{"start":{"line":9,"column":0},"end":{"line":null,"column":-1}},"6":{"start":{"line":10,"column":10},"end":{"line":null,"column":-1}}},"fnMap":{"0":{"name":"render","decl":{"start":{"line":10,"column":10},"end":{"line":10,"column":10}},"loc":{"start":{"line":10,"column":10},"end":{"line":null,"column":-1}}}},"branchMap":{},"s":{"0":0,"1":0,"2":0,"3":0,"4":0,"5":0,"6":0},"f":{"0":0},"b":{}}
,"F:\\wamp64\\www\\allDemo\\github\\summer\\app\\todoList\\client\\layout\\footer.vue": {"path":"F:\\wamp64\\www\\allDemo\\github\\summer\\app\\todoList\\client\\layout\\footer.vue","statementMap":{"0":{"start":{"line":9,"column":0},"end":{"line":null,"column":-1}}},"fnMap":{"0":{"name":"data","decl":{"start":{"line":8,"column":0},"end":{"line":null,"column":-1}},"loc":{"start":{"line":8,"column":0},"end":{"line":12,"column":0}}}},"branchMap":{},"s":{"0":0},"f":{"0":0},"b":{}}
,"F:\\wamp64\\www\\allDemo\\github\\summer\\app\\todoList\\client\\views\\HelloWorld.vue": {"path":"F:\\wamp64\\www\\allDemo\\github\\summer\\app\\todoList\\client\\views\\HelloWorld.vue","statementMap":{"0":{"start":{"line":90,"column":0},"end":{"line":null,"column":-1}}},"fnMap":{"0":{"name":"data","decl":{"start":{"line":89,"column":0},"end":{"line":null,"column":-1}},"loc":{"start":{"line":89,"column":0},"end":{"line":93,"column":0}}}},"branchMap":{},"s":{"0":1},"f":{"0":1},"b":{}}
}
