TN:
SF:F:\wamp64\www\allDemo\github\summer\app\todoList\client\app.vue
FNF:0
FNH:0
DA:11,0
DA:12,0
LF:2
LH:0
BRF:0
BRH:0
end_of_record
TN:
SF:F:\wamp64\www\allDemo\github\summer\app\todoList\client\index.js
FN:10,render
FNF:1
FNH:0
FNDA:0,render
DA:1,0
DA:2,0
DA:4,0
DA:6,0
DA:7,0
DA:9,0
DA:10,0
LF:7
LH:0
BRF:0
BRH:0
end_of_record
TN:
SF:F:\wamp64\www\allDemo\github\summer\app\todoList\client\layout\footer.vue
FN:8,data
FNF:1
FNH:0
FNDA:0,data
DA:9,0
LF:1
LH:0
BRF:0
BRH:0
end_of_record
TN:
SF:F:\wamp64\www\allDemo\github\summer\app\todoList\client\views\HelloWorld.vue
FN:89,data
FNF:1
FNH:1
FNDA:1,data
DA:90,1
LF:1
LH:1
BRF:0
BRH:0
end_of_record
