TN:
SF:F:\wamp64\www\allDemo\github\summer\app\vueTodo\client\app.vue
FNF:0
FNH:0
DA:11,0
DA:12,0
DA:13,0
LF:3
LH:0
BRF:0
BRH:0
end_of_record
TN:
SF:F:\wamp64\www\allDemo\github\summer\app\vueTodo\client\index.js
FN:10,render
FNF:1
FNH:0
FNDA:0,render
DA:1,0
DA:2,0
DA:4,0
DA:6,0
DA:7,0
DA:9,0
DA:10,0
LF:7
LH:0
BRF:0
BRH:0
end_of_record
TN:
SF:F:\wamp64\www\allDemo\github\summer\app\vueTodo\client\views\HelloWorld.vue
FN:89,data
FNF:1
FNH:1
FNDA:1,data
DA:90,1
LF:1
LH:1
BRF:0
BRH:0
end_of_record
TN:
SF:F:\wamp64\www\allDemo\github\summer\app\vueTodo\client\views\todo\item.vue
FN:22,deleteTodo
FNF:1
FNH:0
FNDA:0,deleteTodo
DA:23,0
LF:1
LH:0
BRF:0
BRH:0
end_of_record
TN:
SF:F:\wamp64\www\allDemo\github\summer\app\vueTodo\client\views\todo\tabs.vue
FN:30,data
FN:36,unFinishedTodoLength
FN:37,(anonymous_3)
FN:41,clearAllCompleted
FN:44,toggleFilter
FNF:5
FNH:0
FNDA:0,data
FNDA:0,unFinishedTodoLength
FNDA:0,(anonymous_3)
FNDA:0,clearAllCompleted
FNDA:0,toggleFilter
DA:31,0
DA:37,0
DA:42,0
DA:45,0
LF:4
LH:0
BRF:0
BRH:0
end_of_record
TN:
SF:F:\wamp64\www\allDemo\github\summer\app\vueTodo\client\views\todo\todo.vue
FN:30,data
FN:41,filteredTodos
FN:46,(anonymous_4)
FN:50,addTodo
FN:58,deleteTodo
FN:59,(anonymous_7)
FN:61,toggleFilter
FN:64,clearAllCompleted
FN:65,(anonymous_10)
FNF:9
FNH:0
FNDA:0,data
FNDA:0,filteredTodos
FNDA:0,(anonymous_4)
FNDA:0,addTodo
FNDA:0,deleteTodo
FNDA:0,(anonymous_7)
FNDA:0,toggleFilter
FNDA:0,clearAllCompleted
FNDA:0,(anonymous_10)
DA:26,0
DA:27,0
DA:28,0
DA:31,0
DA:42,0
DA:43,0
DA:45,0
DA:46,0
DA:51,0
DA:56,0
DA:59,0
DA:62,0
DA:65,0
LF:13
LH:0
BRDA:42,0,0,0
BRDA:42,0,1,0
BRF:2
BRH:0
end_of_record
